<?xml version="1.0" encoding="UTF-8"?>
<testsuite xmlns:xsi="http://www.w3.org/2001/XMLSchema-instance" xsi:noNamespaceSchemaLocation="https://maven.apache.org/surefire/maven-surefire-plugin/xsd/surefire-test-report.xsd" name="com.desafiolatam.ImcTest" time="0.045" tests="7" errors="0" skipped="0" failures="2">
  <properties>
[...]
</properties>
  <testcase name="calcularIMCnotNull" classname="com.desafiolatam.ImcTest" time="0.027"/>
  <testcase name="calcularIMCnotEquals" classname="com.desafiolatam.ImcTest" time="0.003"/>
  <testcase name="validarEdad" classname="com.desafiolatam.ImcTest" time="0.002"/>
  <testcase name="obtenerKilos" classname="com.desafiolatam.ImcTest" time="0.001"/>
  <testcase name="calcularIMCNull" classname="com.desafiolatam.ImcTest" time="0.009">
    <failure message="expected: &lt;null&gt; but was: &lt;24.69136&gt;" type="org.opentest4j.AssertionFailedError"><![CDATA[org.opentest4j.AssertionFailedError: expected: <null> but was: <24.69136>
	at com.desafiolatam.ImcTest.calcularIMCNull(ImcTest.java:49)
]]></failure>
    <system-out><![CDATA[Su IMC es 24.69136
Normal
]]></system-out>
    <system-err><![CDATA[ene. 24, 2022 9:01:26 P. M. com.desafiolatam.ImcTest calcularIMCNull
INFO: IMC
]]></system-err>
  </testcase>
  <testcase name="calcularIMCEquals" classname="com.desafiolatam.ImcTest" time="0.001">
    <failure message="expected: &lt;24.69&gt; but was: &lt;24.69136&gt;" type="org.opentest4j.AssertionFailedError"><![CDATA[org.opentest4j.AssertionFailedError: expected: <24.69> but was: <24.69136>
	at com.desafiolatam.ImcTest.calcularIMCEquals(ImcTest.java:72)
]]></failure>
    <system-out><![CDATA[Su IMC es 24.69136
Normal
]]></system-out>
    <system-err><![CDATA[ene. 24, 2022 9:01:26 P. M. com.desafiolatam.ImcTest calcularIMCEquals
INFO: IMC
]]></system-err>
  </testcase>
  <testcase name="obtenerEstaura" classname="com.desafiolatam.ImcTest" time="0.002"/>
</testsuite>