<?xml version="1.0" encoding="UTF-8"?>
<testsuite xmlns:xsi="http://www.w3.org/2001/XMLSchema-instance" xsi:noNamespaceSchemaLocation="https://maven.apache.org/surefire/maven-surefire-plugin/xsd/surefire-test-report.xsd" name="com.desafiolatam.PersonaRepositorioTest" time="0.951" tests="4" errors="0" skipped="0" failures="3">
  <properties>
[...]
</properties>
  <testcase name="testEliminarPersona" classname="com.desafiolatam.PersonaRepositorioTest" time="0.029">
    <failure message="expected: &lt;OK&gt; but was: &lt;null&gt;" type="org.opentest4j.AssertionFailedError"><![CDATA[org.opentest4j.AssertionFailedError: expected: <OK> but was: <null>
	at com.desafiolatam.PersonaRepositorioTest.testEliminarPersona(PersonaRepositorioTest.java:44)
]]></failure>
  </testcase>
  <testcase name="testCrearPersona" classname="com.desafiolatam.PersonaRepositorioTest" time="0.014">
    <failure message="&#10;Wanted but not invoked:&#10;personaRepositorio.crearPersona(&#10;    Persona [rut=1-2, nombre=Pepe]&#10;);&#10;-&gt; at com.desafiolatam.PersonaRepositorioTest.testCrearPersona(PersonaRepositorioTest.java:26)&#10;Actually, there were zero interactions with this mock.&#10;" type="org.mockito.exceptions.verification.WantedButNotInvoked">org.mockito.exceptions.verification.WantedButNotInvoked: 

Wanted but not invoked:
personaRepositorio.crearPersona(
    Persona [rut=1-2, nombre=Pepe]
);
-> at com.desafiolatam.PersonaRepositorioTest.testCrearPersona(PersonaRepositorioTest.java:26)
Actually, there were zero interactions with this mock.

	at com.desafiolatam.PersonaRepositorioTest.testCrearPersona(PersonaRepositorioTest.java:26)
</failure>
  </testcase>
  <testcase name="testActualizarPersona" classname="com.desafiolatam.PersonaRepositorioTest" time="0.001">
    <failure message="&#10;Wanted but not invoked:&#10;personaRepositorio.crearPersona(&#10;    Persona [rut=1-2, nombre=Pepe]&#10;);&#10;-&gt; at com.desafiolatam.PersonaRepositorioTest.testActualizarPersona(PersonaRepositorioTest.java:35)&#10;Actually, there were zero interactions with this mock.&#10;" type="org.mockito.exceptions.verification.WantedButNotInvoked">org.mockito.exceptions.verification.WantedButNotInvoked: 

Wanted but not invoked:
personaRepositorio.crearPersona(
    Persona [rut=1-2, nombre=Pepe]
);
-> at com.desafiolatam.PersonaRepositorioTest.testActualizarPersona(PersonaRepositorioTest.java:35)
Actually, there were zero interactions with this mock.

	at com.desafiolatam.PersonaRepositorioTest.testActualizarPersona(PersonaRepositorioTest.java:35)
</failure>
  </testcase>
  <testcase name="testListarPersona" classname="com.desafiolatam.PersonaRepositorioTest" time="0.003"/>
</testsuite>